[ 2017-05-25T21:25:55+08:00 ] ::1 /kejiganhuo-PHPSide/admin.php
INFO: [ app_init ] --START--
INFO: Run Behavior\BuildLiteBehavior [ RunTime:0.000006s ]
INFO: [ app_init ] --END-- [ RunTime:0.000267s ]
INFO: [ app_begin ] --START--
INFO: Run Behavior\ReadHtmlCacheBehavior [ RunTime:0.000396s ]
INFO: [ app_begin ] --END-- [ RunTime:0.000422s ]
INFO: [ view_parse ] --START--
INFO: [ template_filter ] --START--
INFO: Run Behavior\ContentReplaceBehavior [ RunTime:0.000035s ]
INFO: [ template_filter ] --END-- [ RunTime:0.000067s ]
NOTIC: [2048] Declaration of Common\Model\MenuModel::find() should be compatible with Think\Model::find($options = Array) D:\xampp\htdocs\kejiganhuo-PHPSide\Application\Common\Model\MenuModel.class.php 第 5 行.
ERR: SQLSTATE[HY000] [1045] Access denied for user 'root'@'localhost' (using password: YES)

[ 2017-05-25T21:26:00+08:00 ] ::1 /kejiganhuo-PHPSide/admin.php?
INFO: [ app_init ] --START--
INFO: Run Behavior\BuildLiteBehavior [ RunTime:0.000007s ]
INFO: [ app_init ] --END-- [ RunTime:0.000204s ]
INFO: [ app_begin ] --START--
INFO: Run Behavior\ReadHtmlCacheBehavior [ RunTime:0.000248s ]
INFO: [ app_begin ] --END-- [ RunTime:0.000275s ]
INFO: [ view_parse ] --START--
INFO: [ template_filter ] --START--
INFO: Run Behavior\ContentReplaceBehavior [ RunTime:0.000031s ]
INFO: [ template_filter ] --END-- [ RunTime:0.000057s ]
NOTIC: [2048] Declaration of Common\Model\MenuModel::find() should be compatible with Think\Model::find($options = Array) D:\xampp\htdocs\kejiganhuo-PHPSide\Application\Common\Model\MenuModel.class.php 第 5 行.
ERR: SQLSTATE[HY000] [1045] Access denied for user 'root'@'localhost' (using password: YES)

[ 2017-05-25T21:26:11+08:00 ] ::1 /kejiganhuo-PHPSide/admin.php?c
INFO: [ app_init ] --START--
INFO: Run Behavior\BuildLiteBehavior [ RunTime:0.000006s ]
INFO: [ app_init ] --END-- [ RunTime:0.000200s ]
INFO: [ app_begin ] --START--
INFO: Run Behavior\ReadHtmlCacheBehavior [ RunTime:0.000245s ]
INFO: [ app_begin ] --END-- [ RunTime:0.000272s ]
INFO: [ view_parse ] --START--
INFO: [ template_filter ] --START--
INFO: Run Behavior\ContentReplaceBehavior [ RunTime:0.000029s ]
INFO: [ template_filter ] --END-- [ RunTime:0.000052s ]
NOTIC: [2048] Declaration of Common\Model\MenuModel::find() should be compatible with Think\Model::find($options = Array) D:\xampp\htdocs\kejiganhuo-PHPSide\Application\Common\Model\MenuModel.class.php 第 5 行.
ERR: SQLSTATE[HY000] [1045] Access denied for user 'root'@'localhost' (using password: YES)

[ 2017-05-25T21:28:52+08:00 ] ::1 /kejiganhuo-PHPSide/admin.php
INFO: [ app_init ] --START--
INFO: Run Behavior\BuildLiteBehavior [ RunTime:0.000007s ]
INFO: [ app_init ] --END-- [ RunTime:0.000417s ]
INFO: [ app_begin ] --START--
INFO: Run Behavior\ReadHtmlCacheBehavior [ RunTime:0.000408s ]
INFO: [ app_begin ] --END-- [ RunTime:0.000438s ]
INFO: [ view_parse ] --START--
INFO: [ template_filter ] --START--
INFO: Run Behavior\ContentReplaceBehavior [ RunTime:0.000029s ]
INFO: [ template_filter ] --END-- [ RunTime:0.000054s ]
NOTIC: [2048] Declaration of Common\Model\MenuModel::find() should be compatible with Think\Model::find($options = Array) D:\xampp\htdocs\kejiganhuo-PHPSide\Application\Common\Model\MenuModel.class.php 第 5 行.
SQL: SHOW COLUMNS FROM `cms_menu` [ RunTime:0.0047s ]
SQL: SELECT * FROM `cms_menu` WHERE `status` <> -1 AND `type` = 1 ORDER BY listorder desc,menu_id desc  [ RunTime:0.0005s ]
NOTIC: [8] Undefined index: a D:\xampp\htdocs\kejiganhuo-PHPSide\Application\Common\Common\function.php 第 36 行.
NOTIC: [8] Undefined index: a D:\xampp\htdocs\kejiganhuo-PHPSide\Application\Common\Common\function.php 第 36 行.
NOTIC: [8] Undefined index: a D:\xampp\htdocs\kejiganhuo-PHPSide\Application\Common\Common\function.php 第 36 行.
NOTIC: [8] Undefined index: a D:\xampp\htdocs\kejiganhuo-PHPSide\Application\Common\Common\function.php 第 36 行.
NOTIC: [8] Undefined index: a D:\xampp\htdocs\kejiganhuo-PHPSide\Application\Common\Common\function.php 第 36 行.
NOTIC: [8] Undefined index: a D:\xampp\htdocs\kejiganhuo-PHPSide\Application\Common\Common\function.php 第 36 行.
INFO: Run Behavior\ParseTemplateBehavior [ RunTime:0.026533s ]
INFO: [ view_parse ] --END-- [ RunTime:0.026557s ]
INFO: [ view_filter ] --START--
INFO: Run Behavior\WriteHtmlCacheBehavior [ RunTime:0.000372s ]
INFO: [ view_filter ] --END-- [ RunTime:0.000393s ]
INFO: [ app_end ] --START--
INFO: Run Behavior\ShowPageTraceBehavior [ RunTime:0.000381s ]
INFO: [ app_end ] --END-- [ RunTime:0.000407s ]

[ 2017-05-25T21:29:44+08:00 ] ::1 /kejiganhuo-PHPSide/admin.php
INFO: [ app_init ] --START--
INFO: Run Behavior\BuildLiteBehavior [ RunTime:0.000007s ]
INFO: [ app_init ] --END-- [ RunTime:0.000240s ]
INFO: [ app_begin ] --START--
INFO: Run Behavior\ReadHtmlCacheBehavior [ RunTime:0.000366s ]
INFO: [ app_begin ] --END-- [ RunTime:0.000392s ]
INFO: [ view_parse ] --START--
INFO: [ template_filter ] --START--
INFO: Run Behavior\ContentReplaceBehavior [ RunTime:0.000029s ]
INFO: [ template_filter ] --END-- [ RunTime:0.000053s ]
NOTIC: [2048] Declaration of Common\Model\MenuModel::find() should be compatible with Think\Model::find($options = Array) D:\xampp\htdocs\kejiganhuo-PHPSide\Application\Common\Model\MenuModel.class.php 第 5 行.
SQL: SHOW COLUMNS FROM `cms_menu` [ RunTime:0.0080s ]
SQL: SELECT * FROM `cms_menu` WHERE `status` <> -1 AND `type` = 1 ORDER BY listorder desc,menu_id desc  [ RunTime:0.0003s ]
NOTIC: [8] Undefined index: a D:\xampp\htdocs\kejiganhuo-PHPSide\Application\Common\Common\function.php 第 36 行.
NOTIC: [8] Undefined index: a D:\xampp\htdocs\kejiganhuo-PHPSide\Application\Common\Common\function.php 第 36 行.
NOTIC: [8] Undefined index: a D:\xampp\htdocs\kejiganhuo-PHPSide\Application\Common\Common\function.php 第 36 行.
NOTIC: [8] Undefined index: a D:\xampp\htdocs\kejiganhuo-PHPSide\Application\Common\Common\function.php 第 36 行.
NOTIC: [8] Undefined index: a D:\xampp\htdocs\kejiganhuo-PHPSide\Application\Common\Common\function.php 第 36 行.
NOTIC: [8] Undefined index: a D:\xampp\htdocs\kejiganhuo-PHPSide\Application\Common\Common\function.php 第 36 行.
INFO: Run Behavior\ParseTemplateBehavior [ RunTime:0.029636s ]
INFO: [ view_parse ] --END-- [ RunTime:0.029660s ]
INFO: [ view_filter ] --START--
INFO: Run Behavior\WriteHtmlCacheBehavior [ RunTime:0.000327s ]
INFO: [ view_filter ] --END-- [ RunTime:0.000349s ]
INFO: [ app_end ] --START--
INFO: Run Behavior\ShowPageTraceBehavior [ RunTime:0.000378s ]
INFO: [ app_end ] --END-- [ RunTime:0.000403s ]

[ 2017-05-25T21:30:07+08:00 ] ::1 /kejiganhuo-PHPSide/admin.php
INFO: [ app_init ] --START--
INFO: Run Behavior\BuildLiteBehavior [ RunTime:0.000007s ]
INFO: [ app_init ] --END-- [ RunTime:0.000204s ]
INFO: [ app_begin ] --START--
INFO: Run Behavior\ReadHtmlCacheBehavior [ RunTime:0.000242s ]
INFO: [ app_begin ] --END-- [ RunTime:0.000269s ]
INFO: [ view_parse ] --START--
INFO: [ template_filter ] --START--
INFO: Run Behavior\ContentReplaceBehavior [ RunTime:0.000029s ]
INFO: [ template_filter ] --END-- [ RunTime:0.000055s ]
NOTIC: [2048] Declaration of Common\Model\MenuModel::find() should be compatible with Think\Model::find($options = Array) D:\xampp\htdocs\kejiganhuo-PHPSide\Application\Common\Model\MenuModel.class.php 第 5 行.
SQL: SHOW COLUMNS FROM `cms_menu` [ RunTime:0.0022s ]
SQL: SELECT * FROM `cms_menu` WHERE `status` <> -1 AND `type` = 1 ORDER BY listorder desc,menu_id desc  [ RunTime:0.0002s ]
NOTIC: [8] Undefined index: a D:\xampp\htdocs\kejiganhuo-PHPSide\Application\Common\Common\function.php 第 36 行.
NOTIC: [8] Undefined index: a D:\xampp\htdocs\kejiganhuo-PHPSide\Application\Common\Common\function.php 第 36 行.
NOTIC: [8] Undefined index: a D:\xampp\htdocs\kejiganhuo-PHPSide\Application\Common\Common\function.php 第 36 行.
NOTIC: [8] Undefined index: a D:\xampp\htdocs\kejiganhuo-PHPSide\Application\Common\Common\function.php 第 36 行.
NOTIC: [8] Undefined index: a D:\xampp\htdocs\kejiganhuo-PHPSide\Application\Common\Common\function.php 第 36 行.
NOTIC: [8] Undefined index: a D:\xampp\htdocs\kejiganhuo-PHPSide\Application\Common\Common\function.php 第 36 行.
INFO: Run Behavior\ParseTemplateBehavior [ RunTime:0.022839s ]
INFO: [ view_parse ] --END-- [ RunTime:0.022862s ]
INFO: [ view_filter ] --START--
INFO: Run Behavior\WriteHtmlCacheBehavior [ RunTime:0.000194s ]
INFO: [ view_filter ] --END-- [ RunTime:0.000213s ]
INFO: [ app_end ] --START--
INFO: Run Behavior\ShowPageTraceBehavior [ RunTime:0.000264s ]
INFO: [ app_end ] --END-- [ RunTime:0.000287s ]

[ 2017-05-25T21:30:21+08:00 ] ::1 /kejiganhuo-PHPSide/admin.php?c=login&a=loginout
INFO: [ app_init ] --START--
INFO: Run Behavior\BuildLiteBehavior [ RunTime:0.000006s ]
INFO: [ app_init ] --END-- [ RunTime:0.000201s ]
INFO: [ app_begin ] --START--
INFO: Run Behavior\ReadHtmlCacheBehavior [ RunTime:0.000241s ]
INFO: [ app_begin ] --END-- [ RunTime:0.000266s ]
NOTIC: [8] Undefined variable: module D:\xampp\htdocs\kejiganhuo-PHPSide\ThinkPHP\Common\functions.php 第 990 行.
NOTIC: [8] Undefined variable: var D:\xampp\htdocs\kejiganhuo-PHPSide\ThinkPHP\Common\functions.php 第 990 行.
NOTIC: [2] array_reverse() expects parameter 1 to be array, null given D:\xampp\htdocs\kejiganhuo-PHPSide\ThinkPHP\Common\functions.php 第 990 行.
NOTIC: [2] http_build_query(): Parameter 1 expected to be Array or Object.  Incorrect value given D:\xampp\htdocs\kejiganhuo-PHPSide\ThinkPHP\Common\functions.php 第 990 行.

[ 2017-05-25T21:30:21+08:00 ] ::1 /kejiganhuo-PHPSide/admin.php?m=&&c=login
INFO: [ app_init ] --START--
INFO: Run Behavior\BuildLiteBehavior [ RunTime:0.000005s ]
INFO: [ app_init ] --END-- [ RunTime:0.000199s ]
INFO: [ app_begin ] --START--
INFO: Run Behavior\ReadHtmlCacheBehavior [ RunTime:0.000249s ]
INFO: [ app_begin ] --END-- [ RunTime:0.000275s ]
INFO: [ view_parse ] --START--
INFO: [ template_filter ] --START--
INFO: Run Behavior\ContentReplaceBehavior [ RunTime:0.000018s ]
INFO: [ template_filter ] --END-- [ RunTime:0.000042s ]
INFO: Run Behavior\ParseTemplateBehavior [ RunTime:0.003043s ]
INFO: [ view_parse ] --END-- [ RunTime:0.003070s ]
INFO: [ view_filter ] --START--
INFO: Run Behavior\WriteHtmlCacheBehavior [ RunTime:0.000190s ]
INFO: [ view_filter ] --END-- [ RunTime:0.000222s ]
INFO: [ app_end ] --START--
INFO: Run Behavior\ShowPageTraceBehavior [ RunTime:0.000242s ]
INFO: [ app_end ] --END-- [ RunTime:0.000263s ]

[ 2017-05-25T21:32:44+08:00 ] ::1 /admin.php
INFO: [ app_init ] --START--
INFO: Run Behavior\BuildLiteBehavior [ RunTime:0.000007s ]
INFO: [ app_init ] --END-- [ RunTime:0.000286s ]
INFO: [ app_begin ] --START--
INFO: Run Behavior\ReadHtmlCacheBehavior [ RunTime:0.000459s ]
INFO: [ app_begin ] --END-- [ RunTime:0.000486s ]
INFO: [ view_parse ] --START--
INFO: [ template_filter ] --START--
INFO: Run Behavior\ContentReplaceBehavior [ RunTime:0.000029s ]
INFO: [ template_filter ] --END-- [ RunTime:0.000053s ]
NOTIC: [2048] Declaration of Common\Model\MenuModel::find() should be compatible with Think\Model::find($options = Array) D:\xampp\htdocs\Application\Common\Model\MenuModel.class.php 第 5 行.
SQL: SHOW COLUMNS FROM `cms_menu` [ RunTime:0.0030s ]
SQL: SELECT * FROM `cms_menu` WHERE `status` <> -1 AND `type` = 1 ORDER BY listorder desc,menu_id desc  [ RunTime:0.0002s ]
NOTIC: [8] Undefined index: a D:\xampp\htdocs\Application\Common\Common\function.php 第 36 行.
NOTIC: [8] Undefined index: a D:\xampp\htdocs\Application\Common\Common\function.php 第 36 行.
NOTIC: [8] Undefined index: a D:\xampp\htdocs\Application\Common\Common\function.php 第 36 行.
NOTIC: [8] Undefined index: a D:\xampp\htdocs\Application\Common\Common\function.php 第 36 行.
NOTIC: [8] Undefined index: a D:\xampp\htdocs\Application\Common\Common\function.php 第 36 行.
NOTIC: [8] Undefined index: a D:\xampp\htdocs\Application\Common\Common\function.php 第 36 行.
INFO: Run Behavior\ParseTemplateBehavior [ RunTime:0.020642s ]
INFO: [ view_parse ] --END-- [ RunTime:0.020665s ]
INFO: [ view_filter ] --START--
INFO: Run Behavior\WriteHtmlCacheBehavior [ RunTime:0.000481s ]
INFO: [ view_filter ] --END-- [ RunTime:0.000503s ]
INFO: [ app_end ] --START--
INFO: Run Behavior\ShowPageTraceBehavior [ RunTime:0.000522s ]
INFO: [ app_end ] --END-- [ RunTime:0.000549s ]

[ 2017-05-25T21:32:46+08:00 ] ::1 /admin.php?c=login&a=loginout
INFO: [ app_init ] --START--
INFO: Run Behavior\BuildLiteBehavior [ RunTime:0.000007s ]
INFO: [ app_init ] --END-- [ RunTime:0.000244s ]
INFO: [ app_begin ] --START--
INFO: Run Behavior\ReadHtmlCacheBehavior [ RunTime:0.000455s ]
INFO: [ app_begin ] --END-- [ RunTime:0.000482s ]
NOTIC: [8] Undefined variable: module D:\xampp\htdocs\ThinkPHP\Common\functions.php 第 990 行.
NOTIC: [8] Undefined variable: var D:\xampp\htdocs\ThinkPHP\Common\functions.php 第 990 行.
NOTIC: [2] array_reverse() expects parameter 1 to be array, null given D:\xampp\htdocs\ThinkPHP\Common\functions.php 第 990 行.
NOTIC: [2] http_build_query(): Parameter 1 expected to be Array or Object.  Incorrect value given D:\xampp\htdocs\ThinkPHP\Common\functions.php 第 990 行.

[ 2017-05-25T21:32:46+08:00 ] ::1 /admin.php?m=&&c=login
INFO: [ app_init ] --START--
INFO: Run Behavior\BuildLiteBehavior [ RunTime:0.000006s ]
INFO: [ app_init ] --END-- [ RunTime:0.000246s ]
INFO: [ app_begin ] --START--
INFO: Run Behavior\ReadHtmlCacheBehavior [ RunTime:0.000460s ]
INFO: [ app_begin ] --END-- [ RunTime:0.000487s ]
INFO: [ view_parse ] --START--
INFO: [ template_filter ] --START--
INFO: Run Behavior\ContentReplaceBehavior [ RunTime:0.000021s ]
INFO: [ template_filter ] --END-- [ RunTime:0.000077s ]
INFO: Run Behavior\ParseTemplateBehavior [ RunTime:0.004558s ]
INFO: [ view_parse ] --END-- [ RunTime:0.004588s ]
INFO: [ view_filter ] --START--
INFO: Run Behavior\WriteHtmlCacheBehavior [ RunTime:0.000365s ]
INFO: [ view_filter ] --END-- [ RunTime:0.000385s ]
INFO: [ app_end ] --START--
INFO: Run Behavior\ShowPageTraceBehavior [ RunTime:0.000523s ]
INFO: [ app_end ] --END-- [ RunTime:0.000545s ]

[ 2017-05-25T21:32:51+08:00 ] ::1 /admin.php?c=login&a=check
INFO: [ app_init ] --START--
INFO: Run Behavior\BuildLiteBehavior [ RunTime:0.000006s ]
INFO: [ app_init ] --END-- [ RunTime:0.000245s ]
INFO: [ app_begin ] --START--
INFO: Run Behavior\ReadHtmlCacheBehavior [ RunTime:0.000457s ]
INFO: [ app_begin ] --END-- [ RunTime:0.000482s ]
SQL: SHOW COLUMNS FROM `cms_admin` [ RunTime:0.0088s ]
SQL: SELECT * FROM `cms_admin` WHERE ( username="admin" ) LIMIT 1   [ RunTime:0.0003s ]
NOTIC: [2] Missing argument 3 for show(), called in D:\xampp\htdocs\Application\Admin\Controller\LoginController.class.php on line 38 and defined D:\xampp\htdocs\Application\Common\Common\function.php 第 5 行.
NOTIC: [8] Undefined variable: data D:\xampp\htdocs\Application\Common\Common\function.php 第 9 行.

[ 2017-05-25T21:32:52+08:00 ] ::1 /admin.php?c=index
INFO: [ app_init ] --START--
INFO: Run Behavior\BuildLiteBehavior [ RunTime:0.000007s ]
INFO: [ app_init ] --END-- [ RunTime:0.000247s ]
INFO: [ app_begin ] --START--
INFO: Run Behavior\ReadHtmlCacheBehavior [ RunTime:0.000456s ]
INFO: [ app_begin ] --END-- [ RunTime:0.000484s ]
INFO: [ view_parse ] --START--
INFO: [ template_filter ] --START--
INFO: Run Behavior\ContentReplaceBehavior [ RunTime:0.000030s ]
INFO: [ template_filter ] --END-- [ RunTime:0.000058s ]
NOTIC: [2048] Declaration of Common\Model\MenuModel::find() should be compatible with Think\Model::find($options = Array) D:\xampp\htdocs\Application\Common\Model\MenuModel.class.php 第 5 行.
SQL: SHOW COLUMNS FROM `cms_menu` [ RunTime:0.0088s ]
SQL: SELECT * FROM `cms_menu` WHERE `status` <> -1 AND `type` = 1 ORDER BY listorder desc,menu_id desc  [ RunTime:0.0002s ]
NOTIC: [8] Undefined index: a D:\xampp\htdocs\Application\Common\Common\function.php 第 36 行.
NOTIC: [8] Undefined index: a D:\xampp\htdocs\Application\Common\Common\function.php 第 36 行.
NOTIC: [8] Undefined index: a D:\xampp\htdocs\Application\Common\Common\function.php 第 36 行.
NOTIC: [8] Undefined index: a D:\xampp\htdocs\Application\Common\Common\function.php 第 36 行.
NOTIC: [8] Undefined index: a D:\xampp\htdocs\Application\Common\Common\function.php 第 36 行.
NOTIC: [8] Undefined index: a D:\xampp\htdocs\Application\Common\Common\function.php 第 36 行.
INFO: Run Behavior\ParseTemplateBehavior [ RunTime:0.024386s ]
INFO: [ view_parse ] --END-- [ RunTime:0.024409s ]
INFO: [ view_filter ] --START--
INFO: Run Behavior\WriteHtmlCacheBehavior [ RunTime:0.000431s ]
INFO: [ view_filter ] --END-- [ RunTime:0.000451s ]
INFO: [ app_end ] --START--
INFO: Run Behavior\ShowPageTraceBehavior [ RunTime:0.000492s ]
INFO: [ app_end ] --END-- [ RunTime:0.000516s ]

[ 2017-05-25T21:32:53+08:00 ] ::1 /admin.php?c=content
INFO: [ app_init ] --START--
INFO: Run Behavior\BuildLiteBehavior [ RunTime:0.000006s ]
INFO: [ app_init ] --END-- [ RunTime:0.000249s ]
INFO: [ app_begin ] --START--
INFO: Run Behavior\ReadHtmlCacheBehavior [ RunTime:0.000473s ]
INFO: [ app_begin ] --END-- [ RunTime:0.000501s ]
INFO: [ view_parse ] --START--
INFO: [ template_filter ] --START--
INFO: Run Behavior\ContentReplaceBehavior [ RunTime:0.000032s ]
INFO: [ template_filter ] --END-- [ RunTime:0.000056s ]
NOTIC: [2048] Declaration of Common\Model\MenuModel::find() should be compatible with Think\Model::find($options = Array) D:\xampp\htdocs\Application\Common\Model\MenuModel.class.php 第 5 行.
SQL: SHOW COLUMNS FROM `cms_menu` [ RunTime:0.0087s ]
SQL: SELECT * FROM `cms_menu` WHERE `status` <> -1 AND `type` = 1 ORDER BY listorder desc,menu_id desc  [ RunTime:0.0002s ]
NOTIC: [8] Undefined index: a D:\xampp\htdocs\Application\Common\Common\function.php 第 36 行.
NOTIC: [8] Undefined index: a D:\xampp\htdocs\Application\Common\Common\function.php 第 36 行.
NOTIC: [8] Undefined index: a D:\xampp\htdocs\Application\Common\Common\function.php 第 36 行.
NOTIC: [8] Undefined index: a D:\xampp\htdocs\Application\Common\Common\function.php 第 36 行.
NOTIC: [8] Undefined index: a D:\xampp\htdocs\Application\Common\Common\function.php 第 36 行.
NOTIC: [8] Undefined index: a D:\xampp\htdocs\Application\Common\Common\function.php 第 36 行.
NOTIC: [8] Undefined variable: new D:\xampp\htdocs\Application\Runtime\Cache\Admin\ccc9ced3ad798311a07cb47b740981c5.php 第 154 行.
INFO: Run Behavior\ParseTemplateBehavior [ RunTime:0.024951s ]
INFO: [ view_parse ] --END-- [ RunTime:0.024975s ]
INFO: [ view_filter ] --START--
INFO: Run Behavior\WriteHtmlCacheBehavior [ RunTime:0.000430s ]
INFO: [ view_filter ] --END-- [ RunTime:0.000451s ]
INFO: [ app_end ] --START--
INFO: Run Behavior\ShowPageTraceBehavior [ RunTime:0.000477s ]
INFO: [ app_end ] --END-- [ RunTime:0.000499s ]

[ 2017-05-25T21:32:54+08:00 ] ::1 /admin.php?c=content&a=add
INFO: [ app_init ] --START--
INFO: Run Behavior\BuildLiteBehavior [ RunTime:0.000009s ]
INFO: [ app_init ] --END-- [ RunTime:0.000262s ]
INFO: [ app_begin ] --START--
INFO: Run Behavior\ReadHtmlCacheBehavior [ RunTime:0.000475s ]
INFO: [ app_begin ] --END-- [ RunTime:0.000507s ]
NOTIC: [2048] Declaration of Common\Model\MenuModel::find() should be compatible with Think\Model::find($options = Array) D:\xampp\htdocs\Application\Common\Model\MenuModel.class.php 第 5 行.
SQL: SHOW COLUMNS FROM `cms_menu` [ RunTime:0.0087s ]
ERR: 表达式错误:meq

[ 2017-05-25T21:34:56+08:00 ] ::1 /admin.php?c=content&a=add
INFO: [ app_init ] --START--
INFO: Run Behavior\BuildLiteBehavior [ RunTime:0.000007s ]
INFO: [ app_init ] --END-- [ RunTime:0.000249s ]
INFO: [ app_begin ] --START--
INFO: Run Behavior\ReadHtmlCacheBehavior [ RunTime:0.000506s ]
INFO: [ app_begin ] --END-- [ RunTime:0.000540s ]
NOTIC: [2048] Declaration of Common\Model\MenuModel::find() should be compatible with Think\Model::find($options = Array) D:\xampp\htdocs\Application\Common\Model\MenuModel.class.php 第 5 行.
SQL: SHOW COLUMNS FROM `cms_menu` [ RunTime:0.0019s ]
ERR: 表达式错误:meq

[ 2017-05-25T21:34:56+08:00 ] ::1 /admin.php?c=content&a=add
INFO: [ app_init ] --START--
INFO: Run Behavior\BuildLiteBehavior [ RunTime:0.000007s ]
INFO: [ app_init ] --END-- [ RunTime:0.000243s ]
INFO: [ app_begin ] --START--
INFO: Run Behavior\ReadHtmlCacheBehavior [ RunTime:0.000457s ]
INFO: [ app_begin ] --END-- [ RunTime:0.000484s ]
NOTIC: [2048] Declaration of Common\Model\MenuModel::find() should be compatible with Think\Model::find($options = Array) D:\xampp\htdocs\Application\Common\Model\MenuModel.class.php 第 5 行.
SQL: SHOW COLUMNS FROM `cms_menu` [ RunTime:0.0080s ]
ERR: 表达式错误:meq

[ 2017-05-25T21:34:56+08:00 ] ::1 /admin.php?c=content&a=add
INFO: [ app_init ] --START--
INFO: Run Behavior\BuildLiteBehavior [ RunTime:0.000008s ]
INFO: [ app_init ] --END-- [ RunTime:0.000265s ]
INFO: [ app_begin ] --START--
INFO: Run Behavior\ReadHtmlCacheBehavior [ RunTime:0.000476s ]
INFO: [ app_begin ] --END-- [ RunTime:0.000507s ]
NOTIC: [2048] Declaration of Common\Model\MenuModel::find() should be compatible with Think\Model::find($options = Array) D:\xampp\htdocs\Application\Common\Model\MenuModel.class.php 第 5 行.
SQL: SHOW COLUMNS FROM `cms_menu` [ RunTime:0.0077s ]
ERR: 表达式错误:meq

[ 2017-05-25T21:34:57+08:00 ] ::1 /admin.php?c=content&a=add
INFO: [ app_init ] --START--
INFO: Run Behavior\BuildLiteBehavior [ RunTime:0.000007s ]
INFO: [ app_init ] --END-- [ RunTime:0.000249s ]
INFO: [ app_begin ] --START--
INFO: Run Behavior\ReadHtmlCacheBehavior [ RunTime:0.000462s ]
INFO: [ app_begin ] --END-- [ RunTime:0.000489s ]
NOTIC: [2048] Declaration of Common\Model\MenuModel::find() should be compatible with Think\Model::find($options = Array) D:\xampp\htdocs\Application\Common\Model\MenuModel.class.php 第 5 行.
SQL: SHOW COLUMNS FROM `cms_menu` [ RunTime:0.0079s ]
ERR: 表达式错误:meq

[ 2017-05-25T21:37:05+08:00 ] ::1 /admin.php?c=content&a=add
INFO: [ app_init ] --START--
INFO: Run Behavior\BuildLiteBehavior [ RunTime:0.000008s ]
INFO: [ app_init ] --END-- [ RunTime:0.000244s ]
INFO: [ app_begin ] --START--
INFO: Run Behavior\ReadHtmlCacheBehavior [ RunTime:0.000459s ]
INFO: [ app_begin ] --END-- [ RunTime:0.000486s ]
NOTIC: [2048] Declaration of Common\Model\MenuModel::find() should be compatible with Think\Model::find($options = Array) D:\xampp\htdocs\Application\Common\Model\MenuModel.class.php 第 5 行.
SQL: SHOW COLUMNS FROM `cms_menu` [ RunTime:0.0076s ]
SQL: SELECT * FROM `cms_menu` WHERE `status` <> -1 AND `type` = 0 ORDER BY listorder desc,menu_id desc  [ RunTime:0.0002s ]
INFO: [ view_parse ] --START--
INFO: [ template_filter ] --START--
INFO: Run Behavior\ContentReplaceBehavior [ RunTime:0.000031s ]
INFO: [ template_filter ] --END-- [ RunTime:0.000055s ]
SQL: SELECT * FROM `cms_menu` WHERE `status` <> -1 AND `type` = 1 ORDER BY listorder desc,menu_id desc  [ RunTime:0.0003s ]
NOTIC: [8] Undefined index: a D:\xampp\htdocs\Application\Common\Common\function.php 第 36 行.
NOTIC: [8] Undefined index: a D:\xampp\htdocs\Application\Common\Common\function.php 第 36 行.
NOTIC: [8] Undefined index: a D:\xampp\htdocs\Application\Common\Common\function.php 第 36 行.
NOTIC: [8] Undefined index: a D:\xampp\htdocs\Application\Common\Common\function.php 第 36 行.
NOTIC: [8] Undefined index: a D:\xampp\htdocs\Application\Common\Common\function.php 第 36 行.
NOTIC: [8] Undefined index: a D:\xampp\htdocs\Application\Common\Common\function.php 第 36 行.
INFO: Run Behavior\ParseTemplateBehavior [ RunTime:0.006760s ]
INFO: [ view_parse ] --END-- [ RunTime:0.006786s ]
INFO: [ view_filter ] --START--
INFO: Run Behavior\WriteHtmlCacheBehavior [ RunTime:0.000427s ]
INFO: [ view_filter ] --END-- [ RunTime:0.000449s ]
INFO: [ app_end ] --START--
INFO: Run Behavior\ShowPageTraceBehavior [ RunTime:0.000510s ]
INFO: [ app_end ] --END-- [ RunTime:0.000535s ]

[ 2017-05-25T21:42:56+08:00 ] ::1 /admin.php
INFO: [ app_init ] --START--
INFO: Run Behavior\BuildLiteBehavior [ RunTime:0.000007s ]
INFO: [ app_init ] --END-- [ RunTime:0.000248s ]
INFO: [ app_begin ] --START--
INFO: Run Behavior\ReadHtmlCacheBehavior [ RunTime:0.000474s ]
INFO: [ app_begin ] --END-- [ RunTime:0.000502s ]
INFO: [ view_parse ] --START--
INFO: [ template_filter ] --START--
INFO: Run Behavior\ContentReplaceBehavior [ RunTime:0.000034s ]
INFO: [ template_filter ] --END-- [ RunTime:0.000060s ]
NOTIC: [2048] Declaration of Common\Model\MenuModel::find() should be compatible with Think\Model::find($options = Array) D:\xampp\htdocs\Application\Common\Model\MenuModel.class.php 第 5 行.
SQL: SHOW COLUMNS FROM `cms_menu` [ RunTime:0.0021s ]
SQL: SELECT * FROM `cms_menu` WHERE `status` <> -1 AND `type` = 1 ORDER BY listorder desc,menu_id desc  [ RunTime:0.0002s ]
NOTIC: [8] Undefined index: a D:\xampp\htdocs\Application\Common\Common\function.php 第 36 行.
NOTIC: [8] Undefined index: a D:\xampp\htdocs\Application\Common\Common\function.php 第 36 行.
NOTIC: [8] Undefined index: a D:\xampp\htdocs\Application\Common\Common\function.php 第 36 行.
NOTIC: [8] Undefined index: a D:\xampp\htdocs\Application\Common\Common\function.php 第 36 行.
NOTIC: [8] Undefined index: a D:\xampp\htdocs\Application\Common\Common\function.php 第 36 行.
NOTIC: [8] Undefined index: a D:\xampp\htdocs\Application\Common\Common\function.php 第 36 行.
INFO: Run Behavior\ParseTemplateBehavior [ RunTime:0.025138s ]
INFO: [ view_parse ] --END-- [ RunTime:0.025161s ]
INFO: [ view_filter ] --START--
INFO: Run Behavior\WriteHtmlCacheBehavior [ RunTime:0.000468s ]
INFO: [ view_filter ] --END-- [ RunTime:0.000489s ]
INFO: [ app_end ] --START--
INFO: Run Behavior\ShowPageTraceBehavior [ RunTime:0.000599s ]
INFO: [ app_end ] --END-- [ RunTime:0.000623s ]

[ 2017-05-25T21:42:59+08:00 ] ::1 /admin.php?c=login&a=loginout
INFO: [ app_init ] --START--
INFO: Run Behavior\BuildLiteBehavior [ RunTime:0.000007s ]
INFO: [ app_init ] --END-- [ RunTime:0.000245s ]
INFO: [ app_begin ] --START--
INFO: Run Behavior\ReadHtmlCacheBehavior [ RunTime:0.000464s ]
INFO: [ app_begin ] --END-- [ RunTime:0.000492s ]
NOTIC: [8] Undefined variable: module D:\xampp\htdocs\ThinkPHP\Common\functions.php 第 990 行.
NOTIC: [8] Undefined variable: var D:\xampp\htdocs\ThinkPHP\Common\functions.php 第 990 行.
NOTIC: [2] array_reverse() expects parameter 1 to be array, null given D:\xampp\htdocs\ThinkPHP\Common\functions.php 第 990 行.
NOTIC: [2] http_build_query(): Parameter 1 expected to be Array or Object.  Incorrect value given D:\xampp\htdocs\ThinkPHP\Common\functions.php 第 990 行.

[ 2017-05-25T21:42:59+08:00 ] ::1 /admin.php?m=&&c=login
INFO: [ app_init ] --START--
INFO: Run Behavior\BuildLiteBehavior [ RunTime:0.000007s ]
INFO: [ app_init ] --END-- [ RunTime:0.000255s ]
INFO: [ app_begin ] --START--
INFO: Run Behavior\ReadHtmlCacheBehavior [ RunTime:0.000460s ]
INFO: [ app_begin ] --END-- [ RunTime:0.000486s ]
INFO: [ view_parse ] --START--
INFO: [ template_filter ] --START--
INFO: Run Behavior\ContentReplaceBehavior [ RunTime:0.000022s ]
INFO: [ template_filter ] --END-- [ RunTime:0.000045s ]
INFO: Run Behavior\ParseTemplateBehavior [ RunTime:0.003901s ]
INFO: [ view_parse ] --END-- [ RunTime:0.003930s ]
INFO: [ view_filter ] --START--
INFO: Run Behavior\WriteHtmlCacheBehavior [ RunTime:0.000372s ]
INFO: [ view_filter ] --END-- [ RunTime:0.000392s ]
INFO: [ app_end ] --START--
INFO: Run Behavior\ShowPageTraceBehavior [ RunTime:0.000477s ]
INFO: [ app_end ] --END-- [ RunTime:0.000498s ]

[ 2017-05-25T21:43:05+08:00 ] ::1 /admin.php?c=login&a=check
INFO: [ app_init ] --START--
INFO: Run Behavior\BuildLiteBehavior [ RunTime:0.000006s ]
INFO: [ app_init ] --END-- [ RunTime:0.000245s ]
INFO: [ app_begin ] --START--
INFO: Run Behavior\ReadHtmlCacheBehavior [ RunTime:0.000458s ]
INFO: [ app_begin ] --END-- [ RunTime:0.000484s ]
SQL: SHOW COLUMNS FROM `cms_admin` [ RunTime:0.0077s ]
SQL: SELECT * FROM `cms_admin` WHERE ( username="admin" ) LIMIT 1   [ RunTime:0.0002s ]
NOTIC: [2] Missing argument 3 for show(), called in D:\xampp\htdocs\Application\Admin\Controller\LoginController.class.php on line 38 and defined D:\xampp\htdocs\Application\Common\Common\function.php 第 5 行.
NOTIC: [8] Undefined variable: data D:\xampp\htdocs\Application\Common\Common\function.php 第 9 行.

[ 2017-05-25T21:43:09+08:00 ] ::1 /admin.php?c=index
INFO: [ app_init ] --START--
INFO: Run Behavior\BuildLiteBehavior [ RunTime:0.000007s ]
INFO: [ app_init ] --END-- [ RunTime:0.000240s ]
INFO: [ app_begin ] --START--
INFO: Run Behavior\ReadHtmlCacheBehavior [ RunTime:0.000459s ]
INFO: [ app_begin ] --END-- [ RunTime:0.000487s ]
INFO: [ view_parse ] --START--
INFO: [ template_filter ] --START--
INFO: Run Behavior\ContentReplaceBehavior [ RunTime:0.000030s ]
INFO: [ template_filter ] --END-- [ RunTime:0.000092s ]
NOTIC: [2048] Declaration of Common\Model\MenuModel::find() should be compatible with Think\Model::find($options = Array) D:\xampp\htdocs\Application\Common\Model\MenuModel.class.php 第 5 行.
SQL: SHOW COLUMNS FROM `cms_menu` [ RunTime:0.0033s ]
SQL: SELECT * FROM `cms_menu` WHERE `status` <> -1 AND `type` = 1 ORDER BY listorder desc,menu_id desc  [ RunTime:0.0002s ]
NOTIC: [8] Undefined index: a D:\xampp\htdocs\Application\Common\Common\function.php 第 36 行.
NOTIC: [8] Undefined index: a D:\xampp\htdocs\Application\Common\Common\function.php 第 36 行.
NOTIC: [8] Undefined index: a D:\xampp\htdocs\Application\Common\Common\function.php 第 36 行.
NOTIC: [8] Undefined index: a D:\xampp\htdocs\Application\Common\Common\function.php 第 36 行.
NOTIC: [8] Undefined index: a D:\xampp\htdocs\Application\Common\Common\function.php 第 36 行.
NOTIC: [8] Undefined index: a D:\xampp\htdocs\Application\Common\Common\function.php 第 36 行.
INFO: Run Behavior\ParseTemplateBehavior [ RunTime:0.025575s ]
INFO: [ view_parse ] --END-- [ RunTime:0.025597s ]
INFO: [ view_filter ] --START--
INFO: Run Behavior\WriteHtmlCacheBehavior [ RunTime:0.000446s ]
INFO: [ view_filter ] --END-- [ RunTime:0.000467s ]
INFO: [ app_end ] --START--
INFO: Run Behavior\ShowPageTraceBehavior [ RunTime:0.000526s ]
INFO: [ app_end ] --END-- [ RunTime:0.000552s ]

[ 2017-05-25T21:43:13+08:00 ] ::1 /admin.php?c=content
INFO: [ app_init ] --START--
INFO: Run Behavior\BuildLiteBehavior [ RunTime:0.000008s ]
INFO: [ app_init ] --END-- [ RunTime:0.000250s ]
INFO: [ app_begin ] --START--
INFO: Run Behavior\ReadHtmlCacheBehavior [ RunTime:0.000458s ]
INFO: [ app_begin ] --END-- [ RunTime:0.000484s ]
INFO: [ view_parse ] --START--
INFO: [ template_filter ] --START--
INFO: Run Behavior\ContentReplaceBehavior [ RunTime:0.000029s ]
INFO: [ template_filter ] --END-- [ RunTime:0.000052s ]
NOTIC: [2048] Declaration of Common\Model\MenuModel::find() should be compatible with Think\Model::find($options = Array) D:\xampp\htdocs\Application\Common\Model\MenuModel.class.php 第 5 行.
SQL: SHOW COLUMNS FROM `cms_menu` [ RunTime:0.0605s ]
SQL: SELECT * FROM `cms_menu` WHERE `status` <> -1 AND `type` = 1 ORDER BY listorder desc,menu_id desc  [ RunTime:0.0003s ]
NOTIC: [8] Undefined index: a D:\xampp\htdocs\Application\Common\Common\function.php 第 36 行.
NOTIC: [8] Undefined index: a D:\xampp\htdocs\Application\Common\Common\function.php 第 36 行.
NOTIC: [8] Undefined index: a D:\xampp\htdocs\Application\Common\Common\function.php 第 36 行.
NOTIC: [8] Undefined index: a D:\xampp\htdocs\Application\Common\Common\function.php 第 36 行.
NOTIC: [8] Undefined index: a D:\xampp\htdocs\Application\Common\Common\function.php 第 36 行.
NOTIC: [8] Undefined index: a D:\xampp\htdocs\Application\Common\Common\function.php 第 36 行.
NOTIC: [8] Undefined variable: new D:\xampp\htdocs\Application\Runtime\Cache\Admin\ccc9ced3ad798311a07cb47b740981c5.php 第 154 行.
INFO: Run Behavior\ParseTemplateBehavior [ RunTime:0.072691s ]
INFO: [ view_parse ] --END-- [ RunTime:0.072719s ]
INFO: [ view_filter ] --START--
INFO: Run Behavior\WriteHtmlCacheBehavior [ RunTime:0.000555s ]
INFO: [ view_filter ] --END-- [ RunTime:0.000583s ]
INFO: [ app_end ] --START--
INFO: Run Behavior\ShowPageTraceBehavior [ RunTime:0.000579s ]
INFO: [ app_end ] --END-- [ RunTime:0.000606s ]

[ 2017-05-25T21:43:14+08:00 ] ::1 /admin.php?c=content&a=add
INFO: [ app_init ] --START--
INFO: Run Behavior\BuildLiteBehavior [ RunTime:0.000007s ]
INFO: [ app_init ] --END-- [ RunTime:0.000245s ]
INFO: [ app_begin ] --START--
INFO: Run Behavior\ReadHtmlCacheBehavior [ RunTime:0.000452s ]
INFO: [ app_begin ] --END-- [ RunTime:0.000478s ]
NOTIC: [2048] Declaration of Common\Model\MenuModel::find() should be compatible with Think\Model::find($options = Array) D:\xampp\htdocs\Application\Common\Model\MenuModel.class.php 第 5 行.
SQL: SHOW COLUMNS FROM `cms_menu` [ RunTime:0.0018s ]
SQL: SELECT * FROM `cms_menu` WHERE `status` <> -1 AND `type` = 0 ORDER BY listorder desc,menu_id desc  [ RunTime:0.0002s ]
INFO: [ view_parse ] --START--
INFO: [ template_filter ] --START--
INFO: Run Behavior\ContentReplaceBehavior [ RunTime:0.000032s ]
INFO: [ template_filter ] --END-- [ RunTime:0.000054s ]
SQL: SELECT * FROM `cms_menu` WHERE `status` <> -1 AND `type` = 1 ORDER BY listorder desc,menu_id desc  [ RunTime:0.0002s ]
NOTIC: [8] Undefined index: a D:\xampp\htdocs\Application\Common\Common\function.php 第 36 行.
NOTIC: [8] Undefined index: a D:\xampp\htdocs\Application\Common\Common\function.php 第 36 行.
NOTIC: [8] Undefined index: a D:\xampp\htdocs\Application\Common\Common\function.php 第 36 行.
NOTIC: [8] Undefined index: a D:\xampp\htdocs\Application\Common\Common\function.php 第 36 行.
NOTIC: [8] Undefined index: a D:\xampp\htdocs\Application\Common\Common\function.php 第 36 行.
NOTIC: [8] Undefined index: a D:\xampp\htdocs\Application\Common\Common\function.php 第 36 行.
NOTIC: [8] Undefined variable: copyfrom D:\xampp\htdocs\Application\Runtime\Cache\Admin\e2744aea2724da3a85f9df759ede898a.php 第 151 行.
INFO: Run Behavior\ParseTemplateBehavior [ RunTime:0.007128s ]
INFO: [ view_parse ] --END-- [ RunTime:0.007152s ]
INFO: [ view_filter ] --START--
INFO: Run Behavior\WriteHtmlCacheBehavior [ RunTime:0.000422s ]
INFO: [ view_filter ] --END-- [ RunTime:0.000445s ]
INFO: [ app_end ] --START--
INFO: Run Behavior\ShowPageTraceBehavior [ RunTime:0.000494s ]
INFO: [ app_end ] --END-- [ RunTime:0.000518s ]

[ 2017-05-25T21:43:39+08:00 ] ::1 /admin.php?c=content&a=add
INFO: [ app_init ] --START--
INFO: Run Behavior\BuildLiteBehavior [ RunTime:0.000006s ]
INFO: [ app_init ] --END-- [ RunTime:0.000246s ]
INFO: [ app_begin ] --START--
INFO: Run Behavior\ReadHtmlCacheBehavior [ RunTime:0.000462s ]
INFO: [ app_begin ] --END-- [ RunTime:0.000489s ]
NOTIC: [2048] Declaration of Common\Model\MenuModel::find() should be compatible with Think\Model::find($options = Array) D:\xampp\htdocs\Application\Common\Model\MenuModel.class.php 第 5 行.
SQL: SHOW COLUMNS FROM `cms_menu` [ RunTime:0.0078s ]
SQL: SELECT * FROM `cms_menu` WHERE `status` <> -1 AND `type` = 0 ORDER BY listorder desc,menu_id desc  [ RunTime:0.0002s ]
INFO: [ view_parse ] --START--
INFO: [ template_filter ] --START--
INFO: Run Behavior\ContentReplaceBehavior [ RunTime:0.000031s ]
INFO: [ template_filter ] --END-- [ RunTime:0.000053s ]
SQL: SELECT * FROM `cms_menu` WHERE `status` <> -1 AND `type` = 1 ORDER BY listorder desc,menu_id desc  [ RunTime:0.0003s ]
NOTIC: [8] Undefined index: a D:\xampp\htdocs\Application\Common\Common\function.php 第 36 行.
NOTIC: [8] Undefined index: a D:\xampp\htdocs\Application\Common\Common\function.php 第 36 行.
NOTIC: [8] Undefined index: a D:\xampp\htdocs\Application\Common\Common\function.php 第 36 行.
NOTIC: [8] Undefined index: a D:\xampp\htdocs\Application\Common\Common\function.php 第 36 行.
NOTIC: [8] Undefined index: a D:\xampp\htdocs\Application\Common\Common\function.php 第 36 行.
NOTIC: [8] Undefined index: a D:\xampp\htdocs\Application\Common\Common\function.php 第 36 行.
NOTIC: [8] Undefined variable: copyfrom D:\xampp\htdocs\Application\Runtime\Cache\Admin\e2744aea2724da3a85f9df759ede898a.php 第 151 行.
INFO: Run Behavior\ParseTemplateBehavior [ RunTime:0.007140s ]
INFO: [ view_parse ] --END-- [ RunTime:0.007162s ]
INFO: [ view_filter ] --START--
INFO: Run Behavior\WriteHtmlCacheBehavior [ RunTime:0.000394s ]
INFO: [ view_filter ] --END-- [ RunTime:0.000415s ]
INFO: [ app_end ] --START--
INFO: Run Behavior\ShowPageTraceBehavior [ RunTime:0.000477s ]
INFO: [ app_end ] --END-- [ RunTime:0.000501s ]

[ 2017-05-25T21:43:39+08:00 ] ::1 /admin.php?c=content&a=add
INFO: [ app_init ] --START--
INFO: Run Behavior\BuildLiteBehavior [ RunTime:0.000006s ]
INFO: [ app_init ] --END-- [ RunTime:0.000245s ]
INFO: [ app_begin ] --START--
INFO: Run Behavior\ReadHtmlCacheBehavior [ RunTime:0.000456s ]
INFO: [ app_begin ] --END-- [ RunTime:0.000483s ]
NOTIC: [2048] Declaration of Common\Model\MenuModel::find() should be compatible with Think\Model::find($options = Array) D:\xampp\htdocs\Application\Common\Model\MenuModel.class.php 第 5 行.
SQL: SHOW COLUMNS FROM `cms_menu` [ RunTime:0.0077s ]
SQL: SELECT * FROM `cms_menu` WHERE `status` <> -1 AND `type` = 0 ORDER BY listorder desc,menu_id desc  [ RunTime:0.0002s ]
INFO: [ view_parse ] --START--
INFO: [ template_filter ] --START--
INFO: Run Behavior\ContentReplaceBehavior [ RunTime:0.000033s ]
INFO: [ template_filter ] --END-- [ RunTime:0.000059s ]
SQL: SELECT * FROM `cms_menu` WHERE `status` <> -1 AND `type` = 1 ORDER BY listorder desc,menu_id desc  [ RunTime:0.0003s ]
NOTIC: [8] Undefined index: a D:\xampp\htdocs\Application\Common\Common\function.php 第 36 行.
NOTIC: [8] Undefined index: a D:\xampp\htdocs\Application\Common\Common\function.php 第 36 行.
NOTIC: [8] Undefined index: a D:\xampp\htdocs\Application\Common\Common\function.php 第 36 行.
NOTIC: [8] Undefined index: a D:\xampp\htdocs\Application\Common\Common\function.php 第 36 行.
NOTIC: [8] Undefined index: a D:\xampp\htdocs\Application\Common\Common\function.php 第 36 行.
NOTIC: [8] Undefined index: a D:\xampp\htdocs\Application\Common\Common\function.php 第 36 行.
NOTIC: [8] Undefined variable: copyfrom D:\xampp\htdocs\Application\Runtime\Cache\Admin\e2744aea2724da3a85f9df759ede898a.php 第 151 行.
INFO: Run Behavior\ParseTemplateBehavior [ RunTime:0.007432s ]
INFO: [ view_parse ] --END-- [ RunTime:0.007454s ]
INFO: [ view_filter ] --START--
INFO: Run Behavior\WriteHtmlCacheBehavior [ RunTime:0.000398s ]
INFO: [ view_filter ] --END-- [ RunTime:0.000418s ]
INFO: [ app_end ] --START--
INFO: Run Behavior\ShowPageTraceBehavior [ RunTime:0.000477s ]
INFO: [ app_end ] --END-- [ RunTime:0.000500s ]

[ 2017-05-25T21:44:14+08:00 ] ::1 /admin.php?c=content&a=add
INFO: [ app_init ] --START--
INFO: Run Behavior\BuildLiteBehavior [ RunTime:0.000006s ]
INFO: [ app_init ] --END-- [ RunTime:0.000284s ]
INFO: [ app_begin ] --START--
INFO: Run Behavior\ReadHtmlCacheBehavior [ RunTime:0.000457s ]
INFO: [ app_begin ] --END-- [ RunTime:0.000486s ]
NOTIC: [2048] Declaration of Common\Model\MenuModel::find() should be compatible with Think\Model::find($options = Array) D:\xampp\htdocs\Application\Common\Model\MenuModel.class.php 第 5 行.
SQL: SHOW COLUMNS FROM `cms_menu` [ RunTime:0.0081s ]
SQL: SELECT * FROM `cms_menu` WHERE `status` <> -1 AND `type` = 0 ORDER BY listorder desc,menu_id desc  [ RunTime:0.0003s ]
INFO: [ view_parse ] --START--
INFO: [ template_filter ] --START--
INFO: Run Behavior\ContentReplaceBehavior [ RunTime:0.000032s ]
INFO: [ template_filter ] --END-- [ RunTime:0.000055s ]
SQL: SELECT * FROM `cms_menu` WHERE `status` <> -1 AND `type` = 1 ORDER BY listorder desc,menu_id desc  [ RunTime:0.0004s ]
NOTIC: [8] Undefined index: a D:\xampp\htdocs\Application\Common\Common\function.php 第 36 行.
NOTIC: [8] Undefined index: a D:\xampp\htdocs\Application\Common\Common\function.php 第 36 行.
NOTIC: [8] Undefined index: a D:\xampp\htdocs\Application\Common\Common\function.php 第 36 行.
NOTIC: [8] Undefined index: a D:\xampp\htdocs\Application\Common\Common\function.php 第 36 行.
NOTIC: [8] Undefined index: a D:\xampp\htdocs\Application\Common\Common\function.php 第 36 行.
NOTIC: [8] Undefined index: a D:\xampp\htdocs\Application\Common\Common\function.php 第 36 行.
NOTIC: [8] Undefined variable: copyfrom D:\xampp\htdocs\Application\Runtime\Cache\Admin\e2744aea2724da3a85f9df759ede898a.php 第 151 行.
INFO: Run Behavior\ParseTemplateBehavior [ RunTime:0.007890s ]
INFO: [ view_parse ] --END-- [ RunTime:0.007914s ]
INFO: [ view_filter ] --START--
INFO: Run Behavior\WriteHtmlCacheBehavior [ RunTime:0.000402s ]
INFO: [ view_filter ] --END-- [ RunTime:0.000421s ]
INFO: [ app_end ] --START--
INFO: Run Behavior\ShowPageTraceBehavior [ RunTime:0.000441s ]
INFO: [ app_end ] --END-- [ RunTime:0.000465s ]

[ 2017-05-25T21:44:14+08:00 ] ::1 /admin.php?c=content&a=add
INFO: [ app_init ] --START--
INFO: Run Behavior\BuildLiteBehavior [ RunTime:0.000008s ]
INFO: [ app_init ] --END-- [ RunTime:0.000302s ]
INFO: [ app_begin ] --START--
INFO: Run Behavior\ReadHtmlCacheBehavior [ RunTime:0.000459s ]
INFO: [ app_begin ] --END-- [ RunTime:0.000494s ]
NOTIC: [2048] Declaration of Common\Model\MenuModel::find() should be compatible with Think\Model::find($options = Array) D:\xampp\htdocs\Application\Common\Model\MenuModel.class.php 第 5 行.
SQL: SHOW COLUMNS FROM `cms_menu` [ RunTime:0.0076s ]
SQL: SELECT * FROM `cms_menu` WHERE `status` <> -1 AND `type` = 0 ORDER BY listorder desc,menu_id desc  [ RunTime:0.0003s ]
INFO: [ view_parse ] --START--
INFO: [ template_filter ] --START--
INFO: Run Behavior\ContentReplaceBehavior [ RunTime:0.000036s ]
INFO: [ template_filter ] --END-- [ RunTime:0.000066s ]
SQL: SELECT * FROM `cms_menu` WHERE `status` <> -1 AND `type` = 1 ORDER BY listorder desc,menu_id desc  [ RunTime:0.0003s ]
NOTIC: [8] Undefined index: a D:\xampp\htdocs\Application\Common\Common\function.php 第 36 行.
NOTIC: [8] Undefined index: a D:\xampp\htdocs\Application\Common\Common\function.php 第 36 行.
NOTIC: [8] Undefined index: a D:\xampp\htdocs\Application\Common\Common\function.php 第 36 行.
NOTIC: [8] Undefined index: a D:\xampp\htdocs\Application\Common\Common\function.php 第 36 行.
NOTIC: [8] Undefined index: a D:\xampp\htdocs\Application\Common\Common\function.php 第 36 行.
NOTIC: [8] Undefined index: a D:\xampp\htdocs\Application\Common\Common\function.php 第 36 行.
NOTIC: [8] Undefined variable: copyfrom D:\xampp\htdocs\Application\Runtime\Cache\Admin\e2744aea2724da3a85f9df759ede898a.php 第 151 行.
INFO: Run Behavior\ParseTemplateBehavior [ RunTime:0.007751s ]
INFO: [ view_parse ] --END-- [ RunTime:0.007773s ]
INFO: [ view_filter ] --START--
INFO: Run Behavior\WriteHtmlCacheBehavior [ RunTime:0.000364s ]
INFO: [ view_filter ] --END-- [ RunTime:0.000384s ]
INFO: [ app_end ] --START--
INFO: Run Behavior\ShowPageTraceBehavior [ RunTime:0.000436s ]
INFO: [ app_end ] --END-- [ RunTime:0.000462s ]

[ 2017-05-25T21:48:25+08:00 ] ::1 /admin.php?c=content&a=add
INFO: [ app_init ] --START--
INFO: Run Behavior\BuildLiteBehavior [ RunTime:0.000007s ]
INFO: [ app_init ] --END-- [ RunTime:0.000258s ]
INFO: [ app_begin ] --START--
INFO: Run Behavior\ReadHtmlCacheBehavior [ RunTime:0.000490s ]
INFO: [ app_begin ] --END-- [ RunTime:0.000522s ]
NOTIC: [2048] Declaration of Common\Model\MenuModel::find() should be compatible with Think\Model::find($options = Array) D:\xampp\htdocs\Application\Common\Model\MenuModel.class.php 第 5 行.
SQL: SHOW COLUMNS FROM `cms_menu` [ RunTime:0.0025s ]
SQL: SELECT * FROM `cms_menu` WHERE `status` <> -1 AND `type` = 0 ORDER BY listorder desc,menu_id desc  [ RunTime:0.0002s ]
INFO: [ view_parse ] --START--
INFO: [ template_filter ] --START--
INFO: Run Behavior\ContentReplaceBehavior [ RunTime:0.000035s ]
INFO: [ template_filter ] --END-- [ RunTime:0.000057s ]
SQL: SELECT * FROM `cms_menu` WHERE `status` <> -1 AND `type` = 1 ORDER BY listorder desc,menu_id desc  [ RunTime:0.0004s ]
NOTIC: [8] Undefined index: a D:\xampp\htdocs\Application\Common\Common\function.php 第 36 行.
NOTIC: [8] Undefined index: a D:\xampp\htdocs\Application\Common\Common\function.php 第 36 行.
NOTIC: [8] Undefined index: a D:\xampp\htdocs\Application\Common\Common\function.php 第 36 行.
NOTIC: [8] Undefined index: a D:\xampp\htdocs\Application\Common\Common\function.php 第 36 行.
NOTIC: [8] Undefined index: a D:\xampp\htdocs\Application\Common\Common\function.php 第 36 行.
NOTIC: [8] Undefined index: a D:\xampp\htdocs\Application\Common\Common\function.php 第 36 行.
INFO: Run Behavior\ParseTemplateBehavior [ RunTime:0.007431s ]
INFO: [ view_parse ] --END-- [ RunTime:0.007456s ]
INFO: [ view_filter ] --START--
INFO: Run Behavior\WriteHtmlCacheBehavior [ RunTime:0.000422s ]
INFO: [ view_filter ] --END-- [ RunTime:0.000442s ]
INFO: [ app_end ] --START--
INFO: Run Behavior\ShowPageTraceBehavior [ RunTime:0.000485s ]
INFO: [ app_end ] --END-- [ RunTime:0.000509s ]

